<?xml version="1.0" encoding="UTF-8"?>
<!-- Generated by org.testng.reporters.JUnitXMLReporter -->
<testsuite ignored="0" hostname="MJ9FF9G422" failures="1" tests="4" name="Login Test" time="0.15" errors="0" timestamp="2023-10-17T14:08:30 SAST">
  <testcase classname="testcases.TestCase1" name="@AfterTest closeDBConn" time="0.001">
    <failure type="java.lang.Error" message="Unresolved compilation problem: 
	Syntax error, insert &amp;quot;;&amp;quot; to complete BlockStatements
">
      <![CDATA[java.lang.Error: Unresolved compilation problem: 
Syntax error, insert ";" to complete BlockStatements

at testcases.TestCase1.closeDBConn(TestCase1.java:22)
... Removed 24 stack frames]]>
    </failure>
  </testcase> <!-- @AfterTest closeDBConn -->
  <testcase classname="testcases.TestCase1" name="doUserReg" time="0.012">
    <failure type="java.lang.AssertionError" message="User not registered successfully">
      <![CDATA[java.lang.AssertionError: User not registered successfully
at testcases.TestCase1.doUserReg(TestCase1.java:41)
at java.base/java.util.ArrayList.forEach(ArrayList.java:1511)
... Removed 28 stack frames]]>
    </failure>
  </testcase> <!-- doUserReg -->
  <testcase classname="testcases.TestCase1" name="doLogin" time="0.0">
    <skipped/>
  </testcase> <!-- doLogin -->
  <testcase classname="testcases.TestCase1" name="fourthTest" time="0.0">
    <skipped/>
  </testcase> <!-- fourthTest -->
  <testcase classname="testcases.TestCase1" name="thirdTest" time="0.002"/>
</testsuite> <!-- Login Test -->
